<?xml version="1.0" encoding="UTF-8"?>
<!-- Generated by org.testng.reporters.JUnitReportReporter -->
<testsuite hostname="DESKTOP-7TUDBRQ" failures="0" tests="1" name="TestLayer.CreateNewAccountTest" time="3.053" errors="0" timestamp="2023-12-29T22:56:00 IST" skipped="0">
  <testcase classname="TestLayer.CreateNewAccountTest" name="validateNewAccount" time="3.053"/>
  <system-out/>
</testsuite> <!-- TestLayer.CreateNewAccountTest -->
